<?xml version="1.0" encoding="UTF-8"?>
<testsuite xmlns:xsi="http://www.w3.org/2001/XMLSchema-instance" xsi:noNamespaceSchemaLocation="https://maven.apache.org/surefire/maven-surefire-plugin/xsd/surefire-test-report.xsd" name="calculatero.org.CalculateroTest" time="0.097" tests="40" errors="0" skipped="0" failures="0">
  <properties>
[...]
</properties>
  <testcase name="subTest[1]" classname="calculatero.org.CalculateroTest" time="0.021"/>
  <testcase name="subTest[2]" classname="calculatero.org.CalculateroTest" time="0.001"/>
  <testcase name="subTest[3]" classname="calculatero.org.CalculateroTest" time="0"/>
  <testcase name="subTest[4]" classname="calculatero.org.CalculateroTest" time="0"/>
  <testcase name="subTest[5]" classname="calculatero.org.CalculateroTest" time="0.001"/>
  <testcase name="subTest[6]" classname="calculatero.org.CalculateroTest" time="0.001"/>
  <testcase name="subTest[7]" classname="calculatero.org.CalculateroTest" time="0"/>
  <testcase name="subTest[8]" classname="calculatero.org.CalculateroTest" time="0"/>
  <testcase name="subTest[9]" classname="calculatero.org.CalculateroTest" time="0"/>
  <testcase name="subTest[10]" classname="calculatero.org.CalculateroTest" time="0"/>
  <testcase name="sumTest[1]" classname="calculatero.org.CalculateroTest" time="0"/>
  <testcase name="sumTest[2]" classname="calculatero.org.CalculateroTest" time="0"/>
  <testcase name="sumTest[3]" classname="calculatero.org.CalculateroTest" time="0.001"/>
  <testcase name="sumTest[4]" classname="calculatero.org.CalculateroTest" time="0"/>
  <testcase name="sumTest[5]" classname="calculatero.org.CalculateroTest" time="0"/>
  <testcase name="sumTest[6]" classname="calculatero.org.CalculateroTest" time="0.001"/>
  <testcase name="sumTest[7]" classname="calculatero.org.CalculateroTest" time="0"/>
  <testcase name="sumTest[8]" classname="calculatero.org.CalculateroTest" time="0"/>
  <testcase name="sumTest[9]" classname="calculatero.org.CalculateroTest" time="0.001"/>
  <testcase name="sumTest[10]" classname="calculatero.org.CalculateroTest" time="0.001"/>
  <testcase name="multiTest[1]" classname="calculatero.org.CalculateroTest" time="0"/>
  <testcase name="multiTest[2]" classname="calculatero.org.CalculateroTest" time="0"/>
  <testcase name="multiTest[3]" classname="calculatero.org.CalculateroTest" time="0"/>
  <testcase name="multiTest[4]" classname="calculatero.org.CalculateroTest" time="0"/>
  <testcase name="multiTest[5]" classname="calculatero.org.CalculateroTest" time="0"/>
  <testcase name="multiTest[6]" classname="calculatero.org.CalculateroTest" time="0.001"/>
  <testcase name="multiTest[7]" classname="calculatero.org.CalculateroTest" time="0"/>
  <testcase name="multiTest[8]" classname="calculatero.org.CalculateroTest" time="0.001"/>
  <testcase name="multiTest[9]" classname="calculatero.org.CalculateroTest" time="0"/>
  <testcase name="multiTest[10]" classname="calculatero.org.CalculateroTest" time="0"/>
  <testcase name="divTest[1]" classname="calculatero.org.CalculateroTest" time="0"/>
  <testcase name="divTest[2]" classname="calculatero.org.CalculateroTest" time="0"/>
  <testcase name="divTest[3]" classname="calculatero.org.CalculateroTest" time="0.001"/>
  <testcase name="divTest[4]" classname="calculatero.org.CalculateroTest" time="0.001"/>
  <testcase name="divTest[5]" classname="calculatero.org.CalculateroTest" time="0"/>
  <testcase name="divTest[6]" classname="calculatero.org.CalculateroTest" time="0"/>
  <testcase name="divTest[7]" classname="calculatero.org.CalculateroTest" time="0"/>
  <testcase name="divTest[8]" classname="calculatero.org.CalculateroTest" time="0.001"/>
  <testcase name="divTest[9]" classname="calculatero.org.CalculateroTest" time="0.002"/>
  <testcase name="divTest[10]" classname="calculatero.org.CalculateroTest" time="0"/>
</testsuite>